
2018-03-08 15:11:12
[ERROR]-[Thread: main]-[com.jfinal.core.Config.startPlugins()]: Plugin start error: com.jfinal.ext.plugin.tablebind.AutoTableBindPlugin. 
Unexpected internal error near index 1
\
 ^
java.util.regex.PatternSyntaxException: Unexpected internal error near index 1
\
 ^
	at java.util.regex.Pattern.error(Pattern.java:1924)
	at java.util.regex.Pattern.compile(Pattern.java:1671)
	at java.util.regex.Pattern.<init>(Pattern.java:1337)
	at java.util.regex.Pattern.compile(Pattern.java:1022)
	at java.lang.String.replaceAll(String.java:2162)
	at com.jfinal.ext.kit.ClassSearcher.findFiles(ClassSearcher.java:87)
	at com.jfinal.ext.kit.ClassSearcher.findFiles(ClassSearcher.java:79)
	at com.jfinal.ext.kit.ClassSearcher.findFiles(ClassSearcher.java:79)
	at com.jfinal.ext.kit.ClassSearcher.findFiles(ClassSearcher.java:79)
	at com.jfinal.ext.kit.ClassSearcher.search(ClassSearcher.java:137)
	at com.jfinal.ext.plugin.tablebind.AutoTableBindPlugin.start(AutoTableBindPlugin.java:169)
	at com.jfinal.core.Config.startPlugins(Config.java:107)
	at com.jfinal.core.Config.configJFinal(Config.java:51)
	at com.jfinal.core.JFinal.init(JFinal.java:63)
	at com.jfinal.core.JFinalFilter.init(JFinalFilter.java:49)
	at org.eclipse.jetty.servlet.FilterHolder.doStart(FilterHolder.java:119)
	at org.eclipse.jetty.util.component.AbstractLifeCycle.start(AbstractLifeCycle.java:64)
	at org.eclipse.jetty.servlet.ServletHandler.initialize(ServletHandler.java:724)
	at org.eclipse.jetty.servlet.ServletContextHandler.startContext(ServletContextHandler.java:265)
	at org.eclipse.jetty.webapp.WebAppContext.startContext(WebAppContext.java:1250)
	at org.eclipse.jetty.server.handler.ContextHandler.doStart(ContextHandler.java:706)
	at org.eclipse.jetty.webapp.WebAppContext.doStart(WebAppContext.java:492)
	at org.eclipse.jetty.util.component.AbstractLifeCycle.start(AbstractLifeCycle.java:64)
	at org.eclipse.jetty.server.handler.HandlerWrapper.doStart(HandlerWrapper.java:95)
	at org.eclipse.jetty.server.Server.doStart(Server.java:277)
	at org.eclipse.jetty.util.component.AbstractLifeCycle.start(AbstractLifeCycle.java:64)
	at com.jfinal.server.JettyServer.doStart(JettyServer.java:133)
	at com.jfinal.server.JettyServer.start(JettyServer.java:70)
	at com.jfinal.core.JFinal.start(JFinal.java:162)
	at com.test.config.TfygMgrConfig.main(TfygMgrConfig.java:126)

2018-03-08 15:11:12
[ERROR]-[Thread: main]-[com.jfinal.kit.LogKit.error()]: Plugin start error: com.jfinal.ext.plugin.tablebind.AutoTableBindPlugin. 
Unexpected internal error near index 1
\
 ^
java.lang.RuntimeException: Plugin start error: com.jfinal.ext.plugin.tablebind.AutoTableBindPlugin. 
Unexpected internal error near index 1
\
 ^
	at com.jfinal.core.Config.startPlugins(Config.java:116)
	at com.jfinal.core.Config.configJFinal(Config.java:51)
	at com.jfinal.core.JFinal.init(JFinal.java:63)
	at com.jfinal.core.JFinalFilter.init(JFinalFilter.java:49)
	at org.eclipse.jetty.servlet.FilterHolder.doStart(FilterHolder.java:119)
	at org.eclipse.jetty.util.component.AbstractLifeCycle.start(AbstractLifeCycle.java:64)
	at org.eclipse.jetty.servlet.ServletHandler.initialize(ServletHandler.java:724)
	at org.eclipse.jetty.servlet.ServletContextHandler.startContext(ServletContextHandler.java:265)
	at org.eclipse.jetty.webapp.WebAppContext.startContext(WebAppContext.java:1250)
	at org.eclipse.jetty.server.handler.ContextHandler.doStart(ContextHandler.java:706)
	at org.eclipse.jetty.webapp.WebAppContext.doStart(WebAppContext.java:492)
	at org.eclipse.jetty.util.component.AbstractLifeCycle.start(AbstractLifeCycle.java:64)
	at org.eclipse.jetty.server.handler.HandlerWrapper.doStart(HandlerWrapper.java:95)
	at org.eclipse.jetty.server.Server.doStart(Server.java:277)
	at org.eclipse.jetty.util.component.AbstractLifeCycle.start(AbstractLifeCycle.java:64)
	at com.jfinal.server.JettyServer.doStart(JettyServer.java:133)
	at com.jfinal.server.JettyServer.start(JettyServer.java:70)
	at com.jfinal.core.JFinal.start(JFinal.java:162)
	at com.test.config.TfygMgrConfig.main(TfygMgrConfig.java:126)
Caused by: java.util.regex.PatternSyntaxException: Unexpected internal error near index 1
\
 ^
	at java.util.regex.Pattern.error(Pattern.java:1924)
	at java.util.regex.Pattern.compile(Pattern.java:1671)
	at java.util.regex.Pattern.<init>(Pattern.java:1337)
	at java.util.regex.Pattern.compile(Pattern.java:1022)
	at java.lang.String.replaceAll(String.java:2162)
	at com.jfinal.ext.kit.ClassSearcher.findFiles(ClassSearcher.java:87)
	at com.jfinal.ext.kit.ClassSearcher.findFiles(ClassSearcher.java:79)
	at com.jfinal.ext.kit.ClassSearcher.findFiles(ClassSearcher.java:79)
	at com.jfinal.ext.kit.ClassSearcher.findFiles(ClassSearcher.java:79)
	at com.jfinal.ext.kit.ClassSearcher.search(ClassSearcher.java:137)
	at com.jfinal.ext.plugin.tablebind.AutoTableBindPlugin.start(AutoTableBindPlugin.java:169)
	at com.jfinal.core.Config.startPlugins(Config.java:107)
	... 18 more

2018-03-08 15:13:30
[ERROR]-[Thread: main]-[com.jfinal.core.Config.startPlugins()]: Plugin start error: com.jfinal.ext.plugin.tablebind.AutoTableBindPlugin. 
Unexpected internal error near index 1
\
 ^
java.util.regex.PatternSyntaxException: Unexpected internal error near index 1
\
 ^
	at java.util.regex.Pattern.error(Pattern.java:1924)
	at java.util.regex.Pattern.compile(Pattern.java:1671)
	at java.util.regex.Pattern.<init>(Pattern.java:1337)
	at java.util.regex.Pattern.compile(Pattern.java:1022)
	at java.lang.String.replaceAll(String.java:2162)
	at com.jfinal.ext.kit.ClassSearcher.findFiles(ClassSearcher.java:87)
	at com.jfinal.ext.kit.ClassSearcher.findFiles(ClassSearcher.java:79)
	at com.jfinal.ext.kit.ClassSearcher.findFiles(ClassSearcher.java:79)
	at com.jfinal.ext.kit.ClassSearcher.findFiles(ClassSearcher.java:79)
	at com.jfinal.ext.kit.ClassSearcher.search(ClassSearcher.java:137)
	at com.jfinal.ext.plugin.tablebind.AutoTableBindPlugin.start(AutoTableBindPlugin.java:169)
	at com.jfinal.core.Config.startPlugins(Config.java:107)
	at com.jfinal.core.Config.configJFinal(Config.java:51)
	at com.jfinal.core.JFinal.init(JFinal.java:63)
	at com.jfinal.core.JFinalFilter.init(JFinalFilter.java:49)
	at org.eclipse.jetty.servlet.FilterHolder.doStart(FilterHolder.java:119)
	at org.eclipse.jetty.util.component.AbstractLifeCycle.start(AbstractLifeCycle.java:64)
	at org.eclipse.jetty.servlet.ServletHandler.initialize(ServletHandler.java:724)
	at org.eclipse.jetty.servlet.ServletContextHandler.startContext(ServletContextHandler.java:265)
	at org.eclipse.jetty.webapp.WebAppContext.startContext(WebAppContext.java:1250)
	at org.eclipse.jetty.server.handler.ContextHandler.doStart(ContextHandler.java:706)
	at org.eclipse.jetty.webapp.WebAppContext.doStart(WebAppContext.java:492)
	at org.eclipse.jetty.util.component.AbstractLifeCycle.start(AbstractLifeCycle.java:64)
	at org.eclipse.jetty.server.handler.HandlerWrapper.doStart(HandlerWrapper.java:95)
	at org.eclipse.jetty.server.Server.doStart(Server.java:277)
	at org.eclipse.jetty.util.component.AbstractLifeCycle.start(AbstractLifeCycle.java:64)
	at com.jfinal.server.JettyServer.doStart(JettyServer.java:133)
	at com.jfinal.server.JettyServer.start(JettyServer.java:70)
	at com.jfinal.core.JFinal.start(JFinal.java:162)
	at com.test.config.TfygMgrConfig.main(TfygMgrConfig.java:126)

2018-03-08 15:13:30
[ERROR]-[Thread: main]-[com.jfinal.kit.LogKit.error()]: Plugin start error: com.jfinal.ext.plugin.tablebind.AutoTableBindPlugin. 
Unexpected internal error near index 1
\
 ^
java.lang.RuntimeException: Plugin start error: com.jfinal.ext.plugin.tablebind.AutoTableBindPlugin. 
Unexpected internal error near index 1
\
 ^
	at com.jfinal.core.Config.startPlugins(Config.java:116)
	at com.jfinal.core.Config.configJFinal(Config.java:51)
	at com.jfinal.core.JFinal.init(JFinal.java:63)
	at com.jfinal.core.JFinalFilter.init(JFinalFilter.java:49)
	at org.eclipse.jetty.servlet.FilterHolder.doStart(FilterHolder.java:119)
	at org.eclipse.jetty.util.component.AbstractLifeCycle.start(AbstractLifeCycle.java:64)
	at org.eclipse.jetty.servlet.ServletHandler.initialize(ServletHandler.java:724)
	at org.eclipse.jetty.servlet.ServletContextHandler.startContext(ServletContextHandler.java:265)
	at org.eclipse.jetty.webapp.WebAppContext.startContext(WebAppContext.java:1250)
	at org.eclipse.jetty.server.handler.ContextHandler.doStart(ContextHandler.java:706)
	at org.eclipse.jetty.webapp.WebAppContext.doStart(WebAppContext.java:492)
	at org.eclipse.jetty.util.component.AbstractLifeCycle.start(AbstractLifeCycle.java:64)
	at org.eclipse.jetty.server.handler.HandlerWrapper.doStart(HandlerWrapper.java:95)
	at org.eclipse.jetty.server.Server.doStart(Server.java:277)
	at org.eclipse.jetty.util.component.AbstractLifeCycle.start(AbstractLifeCycle.java:64)
	at com.jfinal.server.JettyServer.doStart(JettyServer.java:133)
	at com.jfinal.server.JettyServer.start(JettyServer.java:70)
	at com.jfinal.core.JFinal.start(JFinal.java:162)
	at com.test.config.TfygMgrConfig.main(TfygMgrConfig.java:126)
Caused by: java.util.regex.PatternSyntaxException: Unexpected internal error near index 1
\
 ^
	at java.util.regex.Pattern.error(Pattern.java:1924)
	at java.util.regex.Pattern.compile(Pattern.java:1671)
	at java.util.regex.Pattern.<init>(Pattern.java:1337)
	at java.util.regex.Pattern.compile(Pattern.java:1022)
	at java.lang.String.replaceAll(String.java:2162)
	at com.jfinal.ext.kit.ClassSearcher.findFiles(ClassSearcher.java:87)
	at com.jfinal.ext.kit.ClassSearcher.findFiles(ClassSearcher.java:79)
	at com.jfinal.ext.kit.ClassSearcher.findFiles(ClassSearcher.java:79)
	at com.jfinal.ext.kit.ClassSearcher.findFiles(ClassSearcher.java:79)
	at com.jfinal.ext.kit.ClassSearcher.search(ClassSearcher.java:137)
	at com.jfinal.ext.plugin.tablebind.AutoTableBindPlugin.start(AutoTableBindPlugin.java:169)
	at com.jfinal.core.Config.startPlugins(Config.java:107)
	... 18 more

2018-03-08 15:15:08
[ERROR]-[Thread: main]-[com.jfinal.core.Config.startPlugins()]: Plugin start error: com.jfinal.ext.plugin.tablebind.AutoTableBindPlugin. 
Unexpected internal error near index 1
\
 ^
java.util.regex.PatternSyntaxException: Unexpected internal error near index 1
\
 ^
	at java.util.regex.Pattern.error(Pattern.java:1924)
	at java.util.regex.Pattern.compile(Pattern.java:1671)
	at java.util.regex.Pattern.<init>(Pattern.java:1337)
	at java.util.regex.Pattern.compile(Pattern.java:1022)
	at java.lang.String.replaceAll(String.java:2162)
	at com.jfinal.ext.kit.ClassSearcher.findFiles(ClassSearcher.java:87)
	at com.jfinal.ext.kit.ClassSearcher.findFiles(ClassSearcher.java:79)
	at com.jfinal.ext.kit.ClassSearcher.findFiles(ClassSearcher.java:79)
	at com.jfinal.ext.kit.ClassSearcher.findFiles(ClassSearcher.java:79)
	at com.jfinal.ext.kit.ClassSearcher.search(ClassSearcher.java:137)
	at com.jfinal.ext.plugin.tablebind.AutoTableBindPlugin.start(AutoTableBindPlugin.java:169)
	at com.jfinal.core.Config.startPlugins(Config.java:107)
	at com.jfinal.core.Config.configJFinal(Config.java:51)
	at com.jfinal.core.JFinal.init(JFinal.java:63)
	at com.jfinal.core.JFinalFilter.init(JFinalFilter.java:49)
	at org.eclipse.jetty.servlet.FilterHolder.doStart(FilterHolder.java:119)
	at org.eclipse.jetty.util.component.AbstractLifeCycle.start(AbstractLifeCycle.java:64)
	at org.eclipse.jetty.servlet.ServletHandler.initialize(ServletHandler.java:724)
	at org.eclipse.jetty.servlet.ServletContextHandler.startContext(ServletContextHandler.java:265)
	at org.eclipse.jetty.webapp.WebAppContext.startContext(WebAppContext.java:1250)
	at org.eclipse.jetty.server.handler.ContextHandler.doStart(ContextHandler.java:706)
	at org.eclipse.jetty.webapp.WebAppContext.doStart(WebAppContext.java:492)
	at org.eclipse.jetty.util.component.AbstractLifeCycle.start(AbstractLifeCycle.java:64)
	at org.eclipse.jetty.server.handler.HandlerWrapper.doStart(HandlerWrapper.java:95)
	at org.eclipse.jetty.server.Server.doStart(Server.java:277)
	at org.eclipse.jetty.util.component.AbstractLifeCycle.start(AbstractLifeCycle.java:64)
	at com.jfinal.server.JettyServer.doStart(JettyServer.java:133)
	at com.jfinal.server.JettyServer.start(JettyServer.java:70)
	at com.jfinal.core.JFinal.start(JFinal.java:162)
	at com.test.config.TfygMgrConfig.main(TfygMgrConfig.java:126)

2018-03-08 15:15:08
[ERROR]-[Thread: main]-[com.jfinal.kit.LogKit.error()]: Plugin start error: com.jfinal.ext.plugin.tablebind.AutoTableBindPlugin. 
Unexpected internal error near index 1
\
 ^
java.lang.RuntimeException: Plugin start error: com.jfinal.ext.plugin.tablebind.AutoTableBindPlugin. 
Unexpected internal error near index 1
\
 ^
	at com.jfinal.core.Config.startPlugins(Config.java:116)
	at com.jfinal.core.Config.configJFinal(Config.java:51)
	at com.jfinal.core.JFinal.init(JFinal.java:63)
	at com.jfinal.core.JFinalFilter.init(JFinalFilter.java:49)
	at org.eclipse.jetty.servlet.FilterHolder.doStart(FilterHolder.java:119)
	at org.eclipse.jetty.util.component.AbstractLifeCycle.start(AbstractLifeCycle.java:64)
	at org.eclipse.jetty.servlet.ServletHandler.initialize(ServletHandler.java:724)
	at org.eclipse.jetty.servlet.ServletContextHandler.startContext(ServletContextHandler.java:265)
	at org.eclipse.jetty.webapp.WebAppContext.startContext(WebAppContext.java:1250)
	at org.eclipse.jetty.server.handler.ContextHandler.doStart(ContextHandler.java:706)
	at org.eclipse.jetty.webapp.WebAppContext.doStart(WebAppContext.java:492)
	at org.eclipse.jetty.util.component.AbstractLifeCycle.start(AbstractLifeCycle.java:64)
	at org.eclipse.jetty.server.handler.HandlerWrapper.doStart(HandlerWrapper.java:95)
	at org.eclipse.jetty.server.Server.doStart(Server.java:277)
	at org.eclipse.jetty.util.component.AbstractLifeCycle.start(AbstractLifeCycle.java:64)
	at com.jfinal.server.JettyServer.doStart(JettyServer.java:133)
	at com.jfinal.server.JettyServer.start(JettyServer.java:70)
	at com.jfinal.core.JFinal.start(JFinal.java:162)
	at com.test.config.TfygMgrConfig.main(TfygMgrConfig.java:126)
Caused by: java.util.regex.PatternSyntaxException: Unexpected internal error near index 1
\
 ^
	at java.util.regex.Pattern.error(Pattern.java:1924)
	at java.util.regex.Pattern.compile(Pattern.java:1671)
	at java.util.regex.Pattern.<init>(Pattern.java:1337)
	at java.util.regex.Pattern.compile(Pattern.java:1022)
	at java.lang.String.replaceAll(String.java:2162)
	at com.jfinal.ext.kit.ClassSearcher.findFiles(ClassSearcher.java:87)
	at com.jfinal.ext.kit.ClassSearcher.findFiles(ClassSearcher.java:79)
	at com.jfinal.ext.kit.ClassSearcher.findFiles(ClassSearcher.java:79)
	at com.jfinal.ext.kit.ClassSearcher.findFiles(ClassSearcher.java:79)
	at com.jfinal.ext.kit.ClassSearcher.search(ClassSearcher.java:137)
	at com.jfinal.ext.plugin.tablebind.AutoTableBindPlugin.start(AutoTableBindPlugin.java:169)
	at com.jfinal.core.Config.startPlugins(Config.java:107)
	... 18 more

2018-03-08 15:16:06
[ERROR]-[Thread: main]-[com.jfinal.core.Config.startPlugins()]: Plugin start error: com.jfinal.ext.plugin.tablebind.AutoTableBindPlugin. 
Unexpected internal error near index 1
\
 ^
java.util.regex.PatternSyntaxException: Unexpected internal error near index 1
\
 ^
	at java.util.regex.Pattern.error(Pattern.java:1924)
	at java.util.regex.Pattern.compile(Pattern.java:1671)
	at java.util.regex.Pattern.<init>(Pattern.java:1337)
	at java.util.regex.Pattern.compile(Pattern.java:1022)
	at java.lang.String.replaceAll(String.java:2162)
	at com.jfinal.ext.kit.ClassSearcher.findFiles(ClassSearcher.java:87)
	at com.jfinal.ext.kit.ClassSearcher.findFiles(ClassSearcher.java:79)
	at com.jfinal.ext.kit.ClassSearcher.findFiles(ClassSearcher.java:79)
	at com.jfinal.ext.kit.ClassSearcher.findFiles(ClassSearcher.java:79)
	at com.jfinal.ext.kit.ClassSearcher.search(ClassSearcher.java:137)
	at com.jfinal.ext.plugin.tablebind.AutoTableBindPlugin.start(AutoTableBindPlugin.java:169)
	at com.jfinal.core.Config.startPlugins(Config.java:107)
	at com.jfinal.core.Config.configJFinal(Config.java:51)
	at com.jfinal.core.JFinal.init(JFinal.java:63)
	at com.jfinal.core.JFinalFilter.init(JFinalFilter.java:49)
	at org.eclipse.jetty.servlet.FilterHolder.doStart(FilterHolder.java:119)
	at org.eclipse.jetty.util.component.AbstractLifeCycle.start(AbstractLifeCycle.java:64)
	at org.eclipse.jetty.servlet.ServletHandler.initialize(ServletHandler.java:724)
	at org.eclipse.jetty.servlet.ServletContextHandler.startContext(ServletContextHandler.java:265)
	at org.eclipse.jetty.webapp.WebAppContext.startContext(WebAppContext.java:1250)
	at org.eclipse.jetty.server.handler.ContextHandler.doStart(ContextHandler.java:706)
	at org.eclipse.jetty.webapp.WebAppContext.doStart(WebAppContext.java:492)
	at org.eclipse.jetty.util.component.AbstractLifeCycle.start(AbstractLifeCycle.java:64)
	at org.eclipse.jetty.server.handler.HandlerWrapper.doStart(HandlerWrapper.java:95)
	at org.eclipse.jetty.server.Server.doStart(Server.java:277)
	at org.eclipse.jetty.util.component.AbstractLifeCycle.start(AbstractLifeCycle.java:64)
	at com.jfinal.server.JettyServer.doStart(JettyServer.java:133)
	at com.jfinal.server.JettyServer.start(JettyServer.java:70)
	at com.jfinal.core.JFinal.start(JFinal.java:162)
	at com.test.config.TfygMgrConfig.main(TfygMgrConfig.java:126)

2018-03-08 15:16:07
[ERROR]-[Thread: main]-[com.jfinal.kit.LogKit.error()]: Plugin start error: com.jfinal.ext.plugin.tablebind.AutoTableBindPlugin. 
Unexpected internal error near index 1
\
 ^
java.lang.RuntimeException: Plugin start error: com.jfinal.ext.plugin.tablebind.AutoTableBindPlugin. 
Unexpected internal error near index 1
\
 ^
	at com.jfinal.core.Config.startPlugins(Config.java:116)
	at com.jfinal.core.Config.configJFinal(Config.java:51)
	at com.jfinal.core.JFinal.init(JFinal.java:63)
	at com.jfinal.core.JFinalFilter.init(JFinalFilter.java:49)
	at org.eclipse.jetty.servlet.FilterHolder.doStart(FilterHolder.java:119)
	at org.eclipse.jetty.util.component.AbstractLifeCycle.start(AbstractLifeCycle.java:64)
	at org.eclipse.jetty.servlet.ServletHandler.initialize(ServletHandler.java:724)
	at org.eclipse.jetty.servlet.ServletContextHandler.startContext(ServletContextHandler.java:265)
	at org.eclipse.jetty.webapp.WebAppContext.startContext(WebAppContext.java:1250)
	at org.eclipse.jetty.server.handler.ContextHandler.doStart(ContextHandler.java:706)
	at org.eclipse.jetty.webapp.WebAppContext.doStart(WebAppContext.java:492)
	at org.eclipse.jetty.util.component.AbstractLifeCycle.start(AbstractLifeCycle.java:64)
	at org.eclipse.jetty.server.handler.HandlerWrapper.doStart(HandlerWrapper.java:95)
	at org.eclipse.jetty.server.Server.doStart(Server.java:277)
	at org.eclipse.jetty.util.component.AbstractLifeCycle.start(AbstractLifeCycle.java:64)
	at com.jfinal.server.JettyServer.doStart(JettyServer.java:133)
	at com.jfinal.server.JettyServer.start(JettyServer.java:70)
	at com.jfinal.core.JFinal.start(JFinal.java:162)
	at com.test.config.TfygMgrConfig.main(TfygMgrConfig.java:126)
Caused by: java.util.regex.PatternSyntaxException: Unexpected internal error near index 1
\
 ^
	at java.util.regex.Pattern.error(Pattern.java:1924)
	at java.util.regex.Pattern.compile(Pattern.java:1671)
	at java.util.regex.Pattern.<init>(Pattern.java:1337)
	at java.util.regex.Pattern.compile(Pattern.java:1022)
	at java.lang.String.replaceAll(String.java:2162)
	at com.jfinal.ext.kit.ClassSearcher.findFiles(ClassSearcher.java:87)
	at com.jfinal.ext.kit.ClassSearcher.findFiles(ClassSearcher.java:79)
	at com.jfinal.ext.kit.ClassSearcher.findFiles(ClassSearcher.java:79)
	at com.jfinal.ext.kit.ClassSearcher.findFiles(ClassSearcher.java:79)
	at com.jfinal.ext.kit.ClassSearcher.search(ClassSearcher.java:137)
	at com.jfinal.ext.plugin.tablebind.AutoTableBindPlugin.start(AutoTableBindPlugin.java:169)
	at com.jfinal.core.Config.startPlugins(Config.java:107)
	... 18 more

2018-03-08 15:28:50
[ERROR]-[Thread: main]-[com.jfinal.core.Config.startPlugins()]: Plugin start error: com.jfinal.ext.plugin.tablebind.AutoTableBindPlugin. 
Unexpected internal error near index 1
\
 ^
java.util.regex.PatternSyntaxException: Unexpected internal error near index 1
\
 ^
	at java.util.regex.Pattern.error(Pattern.java:1924)
	at java.util.regex.Pattern.compile(Pattern.java:1671)
	at java.util.regex.Pattern.<init>(Pattern.java:1337)
	at java.util.regex.Pattern.compile(Pattern.java:1022)
	at java.lang.String.replaceAll(String.java:2162)
	at com.jfinal.ext.kit.ClassSearcher.findFiles(ClassSearcher.java:87)
	at com.jfinal.ext.kit.ClassSearcher.findFiles(ClassSearcher.java:79)
	at com.jfinal.ext.kit.ClassSearcher.findFiles(ClassSearcher.java:79)
	at com.jfinal.ext.kit.ClassSearcher.findFiles(ClassSearcher.java:79)
	at com.jfinal.ext.kit.ClassSearcher.search(ClassSearcher.java:137)
	at com.jfinal.ext.plugin.tablebind.AutoTableBindPlugin.start(AutoTableBindPlugin.java:169)
	at com.jfinal.core.Config.startPlugins(Config.java:107)
	at com.jfinal.core.Config.configJFinal(Config.java:51)
	at com.jfinal.core.JFinal.init(JFinal.java:63)
	at com.jfinal.core.JFinalFilter.init(JFinalFilter.java:49)
	at org.eclipse.jetty.servlet.FilterHolder.doStart(FilterHolder.java:119)
	at org.eclipse.jetty.util.component.AbstractLifeCycle.start(AbstractLifeCycle.java:64)
	at org.eclipse.jetty.servlet.ServletHandler.initialize(ServletHandler.java:724)
	at org.eclipse.jetty.servlet.ServletContextHandler.startContext(ServletContextHandler.java:265)
	at org.eclipse.jetty.webapp.WebAppContext.startContext(WebAppContext.java:1250)
	at org.eclipse.jetty.server.handler.ContextHandler.doStart(ContextHandler.java:706)
	at org.eclipse.jetty.webapp.WebAppContext.doStart(WebAppContext.java:492)
	at org.eclipse.jetty.util.component.AbstractLifeCycle.start(AbstractLifeCycle.java:64)
	at org.eclipse.jetty.server.handler.HandlerWrapper.doStart(HandlerWrapper.java:95)
	at org.eclipse.jetty.server.Server.doStart(Server.java:277)
	at org.eclipse.jetty.util.component.AbstractLifeCycle.start(AbstractLifeCycle.java:64)
	at com.jfinal.server.JettyServer.doStart(JettyServer.java:133)
	at com.jfinal.server.JettyServer.start(JettyServer.java:70)
	at com.jfinal.core.JFinal.start(JFinal.java:162)
	at com.test.config.TfygMgrConfig.main(TfygMgrConfig.java:125)

2018-03-08 15:28:50
[ERROR]-[Thread: main]-[com.jfinal.kit.LogKit.error()]: Plugin start error: com.jfinal.ext.plugin.tablebind.AutoTableBindPlugin. 
Unexpected internal error near index 1
\
 ^
java.lang.RuntimeException: Plugin start error: com.jfinal.ext.plugin.tablebind.AutoTableBindPlugin. 
Unexpected internal error near index 1
\
 ^
	at com.jfinal.core.Config.startPlugins(Config.java:116)
	at com.jfinal.core.Config.configJFinal(Config.java:51)
	at com.jfinal.core.JFinal.init(JFinal.java:63)
	at com.jfinal.core.JFinalFilter.init(JFinalFilter.java:49)
	at org.eclipse.jetty.servlet.FilterHolder.doStart(FilterHolder.java:119)
	at org.eclipse.jetty.util.component.AbstractLifeCycle.start(AbstractLifeCycle.java:64)
	at org.eclipse.jetty.servlet.ServletHandler.initialize(ServletHandler.java:724)
	at org.eclipse.jetty.servlet.ServletContextHandler.startContext(ServletContextHandler.java:265)
	at org.eclipse.jetty.webapp.WebAppContext.startContext(WebAppContext.java:1250)
	at org.eclipse.jetty.server.handler.ContextHandler.doStart(ContextHandler.java:706)
	at org.eclipse.jetty.webapp.WebAppContext.doStart(WebAppContext.java:492)
	at org.eclipse.jetty.util.component.AbstractLifeCycle.start(AbstractLifeCycle.java:64)
	at org.eclipse.jetty.server.handler.HandlerWrapper.doStart(HandlerWrapper.java:95)
	at org.eclipse.jetty.server.Server.doStart(Server.java:277)
	at org.eclipse.jetty.util.component.AbstractLifeCycle.start(AbstractLifeCycle.java:64)
	at com.jfinal.server.JettyServer.doStart(JettyServer.java:133)
	at com.jfinal.server.JettyServer.start(JettyServer.java:70)
	at com.jfinal.core.JFinal.start(JFinal.java:162)
	at com.test.config.TfygMgrConfig.main(TfygMgrConfig.java:125)
Caused by: java.util.regex.PatternSyntaxException: Unexpected internal error near index 1
\
 ^
	at java.util.regex.Pattern.error(Pattern.java:1924)
	at java.util.regex.Pattern.compile(Pattern.java:1671)
	at java.util.regex.Pattern.<init>(Pattern.java:1337)
	at java.util.regex.Pattern.compile(Pattern.java:1022)
	at java.lang.String.replaceAll(String.java:2162)
	at com.jfinal.ext.kit.ClassSearcher.findFiles(ClassSearcher.java:87)
	at com.jfinal.ext.kit.ClassSearcher.findFiles(ClassSearcher.java:79)
	at com.jfinal.ext.kit.ClassSearcher.findFiles(ClassSearcher.java:79)
	at com.jfinal.ext.kit.ClassSearcher.findFiles(ClassSearcher.java:79)
	at com.jfinal.ext.kit.ClassSearcher.search(ClassSearcher.java:137)
	at com.jfinal.ext.plugin.tablebind.AutoTableBindPlugin.start(AutoTableBindPlugin.java:169)
	at com.jfinal.core.Config.startPlugins(Config.java:107)
	... 18 more

2018-03-08 15:29:19
[ERROR]-[Thread: main]-[com.jfinal.core.Config.startPlugins()]: Plugin start error: com.jfinal.ext.plugin.tablebind.AutoTableBindPlugin. 
Unexpected internal error near index 1
\
 ^
java.util.regex.PatternSyntaxException: Unexpected internal error near index 1
\
 ^
	at java.util.regex.Pattern.error(Pattern.java:1924)
	at java.util.regex.Pattern.compile(Pattern.java:1671)
	at java.util.regex.Pattern.<init>(Pattern.java:1337)
	at java.util.regex.Pattern.compile(Pattern.java:1022)
	at java.lang.String.replaceAll(String.java:2162)
	at com.jfinal.ext.kit.ClassSearcher.findFiles(ClassSearcher.java:87)
	at com.jfinal.ext.kit.ClassSearcher.findFiles(ClassSearcher.java:79)
	at com.jfinal.ext.kit.ClassSearcher.findFiles(ClassSearcher.java:79)
	at com.jfinal.ext.kit.ClassSearcher.findFiles(ClassSearcher.java:79)
	at com.jfinal.ext.kit.ClassSearcher.search(ClassSearcher.java:137)
	at com.jfinal.ext.plugin.tablebind.AutoTableBindPlugin.start(AutoTableBindPlugin.java:169)
	at com.jfinal.core.Config.startPlugins(Config.java:107)
	at com.jfinal.core.Config.configJFinal(Config.java:51)
	at com.jfinal.core.JFinal.init(JFinal.java:63)
	at com.jfinal.core.JFinalFilter.init(JFinalFilter.java:49)
	at org.eclipse.jetty.servlet.FilterHolder.doStart(FilterHolder.java:119)
	at org.eclipse.jetty.util.component.AbstractLifeCycle.start(AbstractLifeCycle.java:64)
	at org.eclipse.jetty.servlet.ServletHandler.initialize(ServletHandler.java:724)
	at org.eclipse.jetty.servlet.ServletContextHandler.startContext(ServletContextHandler.java:265)
	at org.eclipse.jetty.webapp.WebAppContext.startContext(WebAppContext.java:1250)
	at org.eclipse.jetty.server.handler.ContextHandler.doStart(ContextHandler.java:706)
	at org.eclipse.jetty.webapp.WebAppContext.doStart(WebAppContext.java:492)
	at org.eclipse.jetty.util.component.AbstractLifeCycle.start(AbstractLifeCycle.java:64)
	at org.eclipse.jetty.server.handler.HandlerWrapper.doStart(HandlerWrapper.java:95)
	at org.eclipse.jetty.server.Server.doStart(Server.java:277)
	at org.eclipse.jetty.util.component.AbstractLifeCycle.start(AbstractLifeCycle.java:64)
	at com.jfinal.server.JettyServer.doStart(JettyServer.java:133)
	at com.jfinal.server.JettyServer.start(JettyServer.java:70)
	at com.jfinal.core.JFinal.start(JFinal.java:162)
	at com.test.config.TfygMgrConfig.main(TfygMgrConfig.java:125)

2018-03-08 15:29:19
[ERROR]-[Thread: main]-[com.jfinal.kit.LogKit.error()]: Plugin start error: com.jfinal.ext.plugin.tablebind.AutoTableBindPlugin. 
Unexpected internal error near index 1
\
 ^
java.lang.RuntimeException: Plugin start error: com.jfinal.ext.plugin.tablebind.AutoTableBindPlugin. 
Unexpected internal error near index 1
\
 ^
	at com.jfinal.core.Config.startPlugins(Config.java:116)
	at com.jfinal.core.Config.configJFinal(Config.java:51)
	at com.jfinal.core.JFinal.init(JFinal.java:63)
	at com.jfinal.core.JFinalFilter.init(JFinalFilter.java:49)
	at org.eclipse.jetty.servlet.FilterHolder.doStart(FilterHolder.java:119)
	at org.eclipse.jetty.util.component.AbstractLifeCycle.start(AbstractLifeCycle.java:64)
	at org.eclipse.jetty.servlet.ServletHandler.initialize(ServletHandler.java:724)
	at org.eclipse.jetty.servlet.ServletContextHandler.startContext(ServletContextHandler.java:265)
	at org.eclipse.jetty.webapp.WebAppContext.startContext(WebAppContext.java:1250)
	at org.eclipse.jetty.server.handler.ContextHandler.doStart(ContextHandler.java:706)
	at org.eclipse.jetty.webapp.WebAppContext.doStart(WebAppContext.java:492)
	at org.eclipse.jetty.util.component.AbstractLifeCycle.start(AbstractLifeCycle.java:64)
	at org.eclipse.jetty.server.handler.HandlerWrapper.doStart(HandlerWrapper.java:95)
	at org.eclipse.jetty.server.Server.doStart(Server.java:277)
	at org.eclipse.jetty.util.component.AbstractLifeCycle.start(AbstractLifeCycle.java:64)
	at com.jfinal.server.JettyServer.doStart(JettyServer.java:133)
	at com.jfinal.server.JettyServer.start(JettyServer.java:70)
	at com.jfinal.core.JFinal.start(JFinal.java:162)
	at com.test.config.TfygMgrConfig.main(TfygMgrConfig.java:125)
Caused by: java.util.regex.PatternSyntaxException: Unexpected internal error near index 1
\
 ^
	at java.util.regex.Pattern.error(Pattern.java:1924)
	at java.util.regex.Pattern.compile(Pattern.java:1671)
	at java.util.regex.Pattern.<init>(Pattern.java:1337)
	at java.util.regex.Pattern.compile(Pattern.java:1022)
	at java.lang.String.replaceAll(String.java:2162)
	at com.jfinal.ext.kit.ClassSearcher.findFiles(ClassSearcher.java:87)
	at com.jfinal.ext.kit.ClassSearcher.findFiles(ClassSearcher.java:79)
	at com.jfinal.ext.kit.ClassSearcher.findFiles(ClassSearcher.java:79)
	at com.jfinal.ext.kit.ClassSearcher.findFiles(ClassSearcher.java:79)
	at com.jfinal.ext.kit.ClassSearcher.search(ClassSearcher.java:137)
	at com.jfinal.ext.plugin.tablebind.AutoTableBindPlugin.start(AutoTableBindPlugin.java:169)
	at com.jfinal.core.Config.startPlugins(Config.java:107)
	... 18 more

2018-03-08 15:29:53
[ERROR]-[Thread: main]-[com.jfinal.core.Config.startPlugins()]: Plugin start error: com.jfinal.ext.plugin.tablebind.AutoTableBindPlugin. 
Unexpected internal error near index 1
\
 ^
java.util.regex.PatternSyntaxException: Unexpected internal error near index 1
\
 ^
	at java.util.regex.Pattern.error(Pattern.java:1924)
	at java.util.regex.Pattern.compile(Pattern.java:1671)
	at java.util.regex.Pattern.<init>(Pattern.java:1337)
	at java.util.regex.Pattern.compile(Pattern.java:1022)
	at java.lang.String.replaceAll(String.java:2162)
	at com.jfinal.ext.kit.ClassSearcher.findFiles(ClassSearcher.java:87)
	at com.jfinal.ext.kit.ClassSearcher.findFiles(ClassSearcher.java:79)
	at com.jfinal.ext.kit.ClassSearcher.findFiles(ClassSearcher.java:79)
	at com.jfinal.ext.kit.ClassSearcher.findFiles(ClassSearcher.java:79)
	at com.jfinal.ext.kit.ClassSearcher.search(ClassSearcher.java:137)
	at com.jfinal.ext.plugin.tablebind.AutoTableBindPlugin.start(AutoTableBindPlugin.java:169)
	at com.jfinal.core.Config.startPlugins(Config.java:107)
	at com.jfinal.core.Config.configJFinal(Config.java:51)
	at com.jfinal.core.JFinal.init(JFinal.java:63)
	at com.jfinal.core.JFinalFilter.init(JFinalFilter.java:49)
	at org.eclipse.jetty.servlet.FilterHolder.doStart(FilterHolder.java:119)
	at org.eclipse.jetty.util.component.AbstractLifeCycle.start(AbstractLifeCycle.java:64)
	at org.eclipse.jetty.servlet.ServletHandler.initialize(ServletHandler.java:724)
	at org.eclipse.jetty.servlet.ServletContextHandler.startContext(ServletContextHandler.java:265)
	at org.eclipse.jetty.webapp.WebAppContext.startContext(WebAppContext.java:1250)
	at org.eclipse.jetty.server.handler.ContextHandler.doStart(ContextHandler.java:706)
	at org.eclipse.jetty.webapp.WebAppContext.doStart(WebAppContext.java:492)
	at org.eclipse.jetty.util.component.AbstractLifeCycle.start(AbstractLifeCycle.java:64)
	at org.eclipse.jetty.server.handler.HandlerWrapper.doStart(HandlerWrapper.java:95)
	at org.eclipse.jetty.server.Server.doStart(Server.java:277)
	at org.eclipse.jetty.util.component.AbstractLifeCycle.start(AbstractLifeCycle.java:64)
	at com.jfinal.server.JettyServer.doStart(JettyServer.java:133)
	at com.jfinal.server.JettyServer.start(JettyServer.java:70)
	at com.jfinal.core.JFinal.start(JFinal.java:162)
	at com.test.config.TfygMgrConfig.main(TfygMgrConfig.java:125)

2018-03-08 15:29:53
[ERROR]-[Thread: main]-[com.jfinal.kit.LogKit.error()]: Plugin start error: com.jfinal.ext.plugin.tablebind.AutoTableBindPlugin. 
Unexpected internal error near index 1
\
 ^
java.lang.RuntimeException: Plugin start error: com.jfinal.ext.plugin.tablebind.AutoTableBindPlugin. 
Unexpected internal error near index 1
\
 ^
	at com.jfinal.core.Config.startPlugins(Config.java:116)
	at com.jfinal.core.Config.configJFinal(Config.java:51)
	at com.jfinal.core.JFinal.init(JFinal.java:63)
	at com.jfinal.core.JFinalFilter.init(JFinalFilter.java:49)
	at org.eclipse.jetty.servlet.FilterHolder.doStart(FilterHolder.java:119)
	at org.eclipse.jetty.util.component.AbstractLifeCycle.start(AbstractLifeCycle.java:64)
	at org.eclipse.jetty.servlet.ServletHandler.initialize(ServletHandler.java:724)
	at org.eclipse.jetty.servlet.ServletContextHandler.startContext(ServletContextHandler.java:265)
	at org.eclipse.jetty.webapp.WebAppContext.startContext(WebAppContext.java:1250)
	at org.eclipse.jetty.server.handler.ContextHandler.doStart(ContextHandler.java:706)
	at org.eclipse.jetty.webapp.WebAppContext.doStart(WebAppContext.java:492)
	at org.eclipse.jetty.util.component.AbstractLifeCycle.start(AbstractLifeCycle.java:64)
	at org.eclipse.jetty.server.handler.HandlerWrapper.doStart(HandlerWrapper.java:95)
	at org.eclipse.jetty.server.Server.doStart(Server.java:277)
	at org.eclipse.jetty.util.component.AbstractLifeCycle.start(AbstractLifeCycle.java:64)
	at com.jfinal.server.JettyServer.doStart(JettyServer.java:133)
	at com.jfinal.server.JettyServer.start(JettyServer.java:70)
	at com.jfinal.core.JFinal.start(JFinal.java:162)
	at com.test.config.TfygMgrConfig.main(TfygMgrConfig.java:125)
Caused by: java.util.regex.PatternSyntaxException: Unexpected internal error near index 1
\
 ^
	at java.util.regex.Pattern.error(Pattern.java:1924)
	at java.util.regex.Pattern.compile(Pattern.java:1671)
	at java.util.regex.Pattern.<init>(Pattern.java:1337)
	at java.util.regex.Pattern.compile(Pattern.java:1022)
	at java.lang.String.replaceAll(String.java:2162)
	at com.jfinal.ext.kit.ClassSearcher.findFiles(ClassSearcher.java:87)
	at com.jfinal.ext.kit.ClassSearcher.findFiles(ClassSearcher.java:79)
	at com.jfinal.ext.kit.ClassSearcher.findFiles(ClassSearcher.java:79)
	at com.jfinal.ext.kit.ClassSearcher.findFiles(ClassSearcher.java:79)
	at com.jfinal.ext.kit.ClassSearcher.search(ClassSearcher.java:137)
	at com.jfinal.ext.plugin.tablebind.AutoTableBindPlugin.start(AutoTableBindPlugin.java:169)
	at com.jfinal.core.Config.startPlugins(Config.java:107)
	... 18 more

2018-03-08 15:31:04
[WARN]-[Thread: qtp400916985-22]-[com.jfinal.core.ActionHandler.handle()]: 404 Action Not Found: /

2018-03-08 15:38:30
[ERROR]-[Thread: qtp400916985-23]-[com.jfinal.core.ActionHandler.handle()]: /cuser
com.jfinal.plugin.activerecord.ActiveRecordException: com.mysql.jdbc.exceptions.jdbc4.MySQLSyntaxErrorException: Table 'mattermost.users' doesn't exist
	at com.jfinal.plugin.activerecord.Model.paginate(Model.java:283)
	at com.test.util.SearchDataUtil.PaginateQueryBySql(SearchDataUtil.java:22)
	at com.test.model.SysCuser.getList(SysCuser.java:19)
	at com.test.controller.CuserController.index(CuserController.java:13)
	at sun.reflect.NativeMethodAccessorImpl.invoke0(Native Method)
	at sun.reflect.NativeMethodAccessorImpl.invoke(NativeMethodAccessorImpl.java:57)
	at sun.reflect.DelegatingMethodAccessorImpl.invoke(DelegatingMethodAccessorImpl.java:43)
	at java.lang.reflect.Method.invoke(Method.java:606)
	at com.jfinal.aop.Invocation.invoke(Invocation.java:71)
	at com.jfinal.ext.interceptor.SessionInViewInterceptor.intercept(SessionInViewInterceptor.java:44)
	at com.jfinal.aop.Invocation.invoke(Invocation.java:65)
	at com.jfinal.core.ActionHandler.handle(ActionHandler.java:74)
	at com.jfinal.core.JFinalFilter.doFilter(JFinalFilter.java:72)
	at org.eclipse.jetty.servlet.ServletHandler$CachedChain.doFilter(ServletHandler.java:1307)
	at org.eclipse.jetty.servlet.ServletHandler.doHandle(ServletHandler.java:453)
	at org.eclipse.jetty.server.handler.ScopedHandler.handle(ScopedHandler.java:137)
	at org.eclipse.jetty.security.SecurityHandler.handle(SecurityHandler.java:560)
	at org.eclipse.jetty.server.session.SessionHandler.doHandle(SessionHandler.java:231)
	at org.eclipse.jetty.server.handler.ContextHandler.doHandle(ContextHandler.java:1072)
	at org.eclipse.jetty.servlet.ServletHandler.doScope(ServletHandler.java:382)
	at org.eclipse.jetty.server.session.SessionHandler.doScope(SessionHandler.java:193)
	at org.eclipse.jetty.server.handler.ContextHandler.doScope(ContextHandler.java:1006)
	at org.eclipse.jetty.server.handler.ScopedHandler.handle(ScopedHandler.java:135)
	at org.eclipse.jetty.server.handler.HandlerWrapper.handle(HandlerWrapper.java:116)
	at org.eclipse.jetty.server.Server.handle(Server.java:365)
	at org.eclipse.jetty.server.AbstractHttpConnection.handleRequest(AbstractHttpConnection.java:485)
	at org.eclipse.jetty.server.AbstractHttpConnection.headerComplete(AbstractHttpConnection.java:926)
	at org.eclipse.jetty.server.AbstractHttpConnection$RequestHandler.headerComplete(AbstractHttpConnection.java:988)
	at org.eclipse.jetty.http.HttpParser.parseNext(HttpParser.java:635)
	at org.eclipse.jetty.http.HttpParser.parseAvailable(HttpParser.java:235)
	at org.eclipse.jetty.server.AsyncHttpConnection.handle(AsyncHttpConnection.java:82)
	at org.eclipse.jetty.io.nio.SelectChannelEndPoint.handle(SelectChannelEndPoint.java:628)
	at org.eclipse.jetty.io.nio.SelectChannelEndPoint$1.run(SelectChannelEndPoint.java:52)
	at org.eclipse.jetty.util.thread.QueuedThreadPool.runJob(QueuedThreadPool.java:608)
	at org.eclipse.jetty.util.thread.QueuedThreadPool$3.run(QueuedThreadPool.java:543)
	at java.lang.Thread.run(Thread.java:745)
Caused by: com.mysql.jdbc.exceptions.jdbc4.MySQLSyntaxErrorException: Table 'mattermost.users' doesn't exist
	at sun.reflect.NativeConstructorAccessorImpl.newInstance0(Native Method)
	at sun.reflect.NativeConstructorAccessorImpl.newInstance(NativeConstructorAccessorImpl.java:57)
	at sun.reflect.DelegatingConstructorAccessorImpl.newInstance(DelegatingConstructorAccessorImpl.java:45)
	at java.lang.reflect.Constructor.newInstance(Constructor.java:526)
	at com.mysql.jdbc.Util.handleNewInstance(Util.java:425)
	at com.mysql.jdbc.Util.getInstance(Util.java:408)
	at com.mysql.jdbc.SQLError.createSQLException(SQLError.java:943)
	at com.mysql.jdbc.MysqlIO.checkErrorPacket(MysqlIO.java:3973)
	at com.mysql.jdbc.MysqlIO.checkErrorPacket(MysqlIO.java:3909)
	at com.mysql.jdbc.MysqlIO.sendCommand(MysqlIO.java:2527)
	at com.mysql.jdbc.MysqlIO.sqlQueryDirect(MysqlIO.java:2680)
	at com.mysql.jdbc.ConnectionImpl.execSQL(ConnectionImpl.java:2487)
	at com.mysql.jdbc.PreparedStatement.executeInternal(PreparedStatement.java:1858)
	at com.mysql.jdbc.PreparedStatement.executeQuery(PreparedStatement.java:1966)
	at com.mchange.v2.c3p0.impl.NewProxyPreparedStatement.executeQuery(NewProxyPreparedStatement.java:379)
	at com.jfinal.plugin.activerecord.DbPro.query(DbPro.java:69)
	at com.jfinal.plugin.activerecord.Db.query(Db.java:40)
	at com.jfinal.plugin.activerecord.Model.paginate(Model.java:298)
	at com.jfinal.plugin.activerecord.Model.paginate(Model.java:281)
	... 35 more

2018-03-08 15:49:41
[ERROR]-[Thread: qtp400916985-22]-[com.jfinal.core.ActionHandler.handle()]: /cuser
com.jfinal.render.RenderException: org.apache.jasper.JasperException: /list.jsp(3,61) PWC6188: The absolute uri: http://java.sun.com/jsp/jstl/core cannot be resolved in either web.xml or the jar files deployed with this application
	at com.jfinal.render.JspRender.render(JspRender.java:69)
	at com.jfinal.core.ActionHandler.handle(ActionHandler.java:93)
	at com.jfinal.core.JFinalFilter.doFilter(JFinalFilter.java:72)
	at org.eclipse.jetty.servlet.ServletHandler$CachedChain.doFilter(ServletHandler.java:1307)
	at org.eclipse.jetty.servlet.ServletHandler.doHandle(ServletHandler.java:453)
	at org.eclipse.jetty.server.handler.ScopedHandler.handle(ScopedHandler.java:137)
	at org.eclipse.jetty.security.SecurityHandler.handle(SecurityHandler.java:560)
	at org.eclipse.jetty.server.session.SessionHandler.doHandle(SessionHandler.java:231)
	at org.eclipse.jetty.server.handler.ContextHandler.doHandle(ContextHandler.java:1072)
	at org.eclipse.jetty.servlet.ServletHandler.doScope(ServletHandler.java:382)
	at org.eclipse.jetty.server.session.SessionHandler.doScope(SessionHandler.java:193)
	at org.eclipse.jetty.server.handler.ContextHandler.doScope(ContextHandler.java:1006)
	at org.eclipse.jetty.server.handler.ScopedHandler.handle(ScopedHandler.java:135)
	at org.eclipse.jetty.server.handler.HandlerWrapper.handle(HandlerWrapper.java:116)
	at org.eclipse.jetty.server.Server.handle(Server.java:365)
	at org.eclipse.jetty.server.AbstractHttpConnection.handleRequest(AbstractHttpConnection.java:485)
	at org.eclipse.jetty.server.AbstractHttpConnection.headerComplete(AbstractHttpConnection.java:926)
	at org.eclipse.jetty.server.AbstractHttpConnection$RequestHandler.headerComplete(AbstractHttpConnection.java:988)
	at org.eclipse.jetty.http.HttpParser.parseNext(HttpParser.java:635)
	at org.eclipse.jetty.http.HttpParser.parseAvailable(HttpParser.java:235)
	at org.eclipse.jetty.server.AsyncHttpConnection.handle(AsyncHttpConnection.java:82)
	at org.eclipse.jetty.io.nio.SelectChannelEndPoint.handle(SelectChannelEndPoint.java:628)
	at org.eclipse.jetty.io.nio.SelectChannelEndPoint$1.run(SelectChannelEndPoint.java:52)
	at org.eclipse.jetty.util.thread.QueuedThreadPool.runJob(QueuedThreadPool.java:608)
	at org.eclipse.jetty.util.thread.QueuedThreadPool$3.run(QueuedThreadPool.java:543)
	at java.lang.Thread.run(Thread.java:745)
Caused by: org.apache.jasper.JasperException: /list.jsp(3,61) PWC6188: The absolute uri: http://java.sun.com/jsp/jstl/core cannot be resolved in either web.xml or the jar files deployed with this application
	at org.apache.jasper.compiler.DefaultErrorHandler.jspError(DefaultErrorHandler.java:92)
	at org.apache.jasper.compiler.ErrorDispatcher.dispatch(ErrorDispatcher.java:378)
	at org.apache.jasper.compiler.ErrorDispatcher.jspError(ErrorDispatcher.java:172)
	at org.apache.jasper.compiler.TagLibraryInfoImpl.generateTLDLocation(TagLibraryInfoImpl.java:431)
	at org.apache.jasper.compiler.TagLibraryInfoImpl.<init>(TagLibraryInfoImpl.java:240)
	at org.apache.jasper.compiler.Parser.parseTaglibDirective(Parser.java:502)
	at org.apache.jasper.compiler.Parser.parseDirective(Parser.java:582)
	at org.apache.jasper.compiler.Parser.parseElements(Parser.java:1652)
	at org.apache.jasper.compiler.Parser.parse(Parser.java:185)
	at org.apache.jasper.compiler.ParserController.doParse(ParserController.java:244)
	at org.apache.jasper.compiler.ParserController.parse(ParserController.java:145)
	at org.apache.jasper.compiler.Compiler.generateJava(Compiler.java:212)
	at org.apache.jasper.compiler.Compiler.compile(Compiler.java:451)
	at org.apache.jasper.JspCompilationContext.compile(JspCompilationContext.java:625)
	at org.apache.jasper.servlet.JspServletWrapper.service(JspServletWrapper.java:374)
	at org.apache.jasper.servlet.JspServlet.serviceJspFile(JspServlet.java:492)
	at org.apache.jasper.servlet.JspServlet.service(JspServlet.java:378)
	at javax.servlet.http.HttpServlet.service(HttpServlet.java:848)
	at org.eclipse.jetty.servlet.ServletHolder.handle(ServletHolder.java:669)
	at org.eclipse.jetty.servlet.ServletHandler.doHandle(ServletHandler.java:455)
	at org.eclipse.jetty.server.handler.ScopedHandler.handle(ScopedHandler.java:137)
	at org.eclipse.jetty.security.SecurityHandler.handle(SecurityHandler.java:578)
	at org.eclipse.jetty.server.session.SessionHandler.doHandle(SessionHandler.java:231)
	at org.eclipse.jetty.server.handler.ContextHandler.doHandle(ContextHandler.java:1072)
	at org.eclipse.jetty.servlet.ServletHandler.doScope(ServletHandler.java:382)
	at org.eclipse.jetty.server.session.SessionHandler.doScope(SessionHandler.java:193)
	at org.eclipse.jetty.server.handler.ContextHandler.doScope(ContextHandler.java:1006)
	at org.eclipse.jetty.server.handler.ScopedHandler.handle(ScopedHandler.java:135)
	at org.eclipse.jetty.server.Dispatcher.forward(Dispatcher.java:276)
	at org.eclipse.jetty.server.Dispatcher.forward(Dispatcher.java:103)
	at com.jfinal.render.JspRender.render(JspRender.java:67)
	... 25 more

2018-03-08 15:49:42
[ERROR]-[Thread: qtp400916985-20]-[com.jfinal.core.ActionHandler.handle()]: /cuser
com.jfinal.render.RenderException: org.apache.jasper.JasperException: /list.jsp(3,61) PWC6188: The absolute uri: http://java.sun.com/jsp/jstl/core cannot be resolved in either web.xml or the jar files deployed with this application
	at com.jfinal.render.JspRender.render(JspRender.java:69)
	at com.jfinal.core.ActionHandler.handle(ActionHandler.java:93)
	at com.jfinal.core.JFinalFilter.doFilter(JFinalFilter.java:72)
	at org.eclipse.jetty.servlet.ServletHandler$CachedChain.doFilter(ServletHandler.java:1307)
	at org.eclipse.jetty.servlet.ServletHandler.doHandle(ServletHandler.java:453)
	at org.eclipse.jetty.server.handler.ScopedHandler.handle(ScopedHandler.java:137)
	at org.eclipse.jetty.security.SecurityHandler.handle(SecurityHandler.java:560)
	at org.eclipse.jetty.server.session.SessionHandler.doHandle(SessionHandler.java:231)
	at org.eclipse.jetty.server.handler.ContextHandler.doHandle(ContextHandler.java:1072)
	at org.eclipse.jetty.servlet.ServletHandler.doScope(ServletHandler.java:382)
	at org.eclipse.jetty.server.session.SessionHandler.doScope(SessionHandler.java:193)
	at org.eclipse.jetty.server.handler.ContextHandler.doScope(ContextHandler.java:1006)
	at org.eclipse.jetty.server.handler.ScopedHandler.handle(ScopedHandler.java:135)
	at org.eclipse.jetty.server.handler.HandlerWrapper.handle(HandlerWrapper.java:116)
	at org.eclipse.jetty.server.Server.handle(Server.java:365)
	at org.eclipse.jetty.server.AbstractHttpConnection.handleRequest(AbstractHttpConnection.java:485)
	at org.eclipse.jetty.server.AbstractHttpConnection.headerComplete(AbstractHttpConnection.java:926)
	at org.eclipse.jetty.server.AbstractHttpConnection$RequestHandler.headerComplete(AbstractHttpConnection.java:988)
	at org.eclipse.jetty.http.HttpParser.parseNext(HttpParser.java:635)
	at org.eclipse.jetty.http.HttpParser.parseAvailable(HttpParser.java:235)
	at org.eclipse.jetty.server.AsyncHttpConnection.handle(AsyncHttpConnection.java:82)
	at org.eclipse.jetty.io.nio.SelectChannelEndPoint.handle(SelectChannelEndPoint.java:628)
	at org.eclipse.jetty.io.nio.SelectChannelEndPoint$1.run(SelectChannelEndPoint.java:52)
	at org.eclipse.jetty.util.thread.QueuedThreadPool.runJob(QueuedThreadPool.java:608)
	at org.eclipse.jetty.util.thread.QueuedThreadPool$3.run(QueuedThreadPool.java:543)
	at java.lang.Thread.run(Thread.java:745)
Caused by: org.apache.jasper.JasperException: /list.jsp(3,61) PWC6188: The absolute uri: http://java.sun.com/jsp/jstl/core cannot be resolved in either web.xml or the jar files deployed with this application
	at org.apache.jasper.compiler.DefaultErrorHandler.jspError(DefaultErrorHandler.java:92)
	at org.apache.jasper.compiler.ErrorDispatcher.dispatch(ErrorDispatcher.java:378)
	at org.apache.jasper.compiler.ErrorDispatcher.jspError(ErrorDispatcher.java:172)
	at org.apache.jasper.compiler.TagLibraryInfoImpl.generateTLDLocation(TagLibraryInfoImpl.java:431)
	at org.apache.jasper.compiler.TagLibraryInfoImpl.<init>(TagLibraryInfoImpl.java:240)
	at org.apache.jasper.compiler.Parser.parseTaglibDirective(Parser.java:502)
	at org.apache.jasper.compiler.Parser.parseDirective(Parser.java:582)
	at org.apache.jasper.compiler.Parser.parseElements(Parser.java:1652)
	at org.apache.jasper.compiler.Parser.parse(Parser.java:185)
	at org.apache.jasper.compiler.ParserController.doParse(ParserController.java:244)
	at org.apache.jasper.compiler.ParserController.parse(ParserController.java:145)
	at org.apache.jasper.compiler.Compiler.generateJava(Compiler.java:212)
	at org.apache.jasper.compiler.Compiler.compile(Compiler.java:451)
	at org.apache.jasper.JspCompilationContext.compile(JspCompilationContext.java:625)
	at org.apache.jasper.servlet.JspServletWrapper.service(JspServletWrapper.java:374)
	at org.apache.jasper.servlet.JspServlet.serviceJspFile(JspServlet.java:492)
	at org.apache.jasper.servlet.JspServlet.service(JspServlet.java:378)
	at javax.servlet.http.HttpServlet.service(HttpServlet.java:848)
	at org.eclipse.jetty.servlet.ServletHolder.handle(ServletHolder.java:669)
	at org.eclipse.jetty.servlet.ServletHandler.doHandle(ServletHandler.java:455)
	at org.eclipse.jetty.server.handler.ScopedHandler.handle(ScopedHandler.java:137)
	at org.eclipse.jetty.security.SecurityHandler.handle(SecurityHandler.java:578)
	at org.eclipse.jetty.server.session.SessionHandler.doHandle(SessionHandler.java:231)
	at org.eclipse.jetty.server.handler.ContextHandler.doHandle(ContextHandler.java:1072)
	at org.eclipse.jetty.servlet.ServletHandler.doScope(ServletHandler.java:382)
	at org.eclipse.jetty.server.session.SessionHandler.doScope(SessionHandler.java:193)
	at org.eclipse.jetty.server.handler.ContextHandler.doScope(ContextHandler.java:1006)
	at org.eclipse.jetty.server.handler.ScopedHandler.handle(ScopedHandler.java:135)
	at org.eclipse.jetty.server.Dispatcher.forward(Dispatcher.java:276)
	at org.eclipse.jetty.server.Dispatcher.forward(Dispatcher.java:103)
	at com.jfinal.render.JspRender.render(JspRender.java:67)
	... 25 more

2018-03-08 15:59:22
[ERROR]-[Thread: qtp400916985-24]-[com.jfinal.core.ActionHandler.handle()]: /cuser
com.jfinal.render.RenderException: org.apache.jasper.JasperException: /list.jsp(3,61) PWC6188: The absolute uri: http://java.sun.com/jsp/jstl/core cannot be resolved in either web.xml or the jar files deployed with this application
	at com.jfinal.render.JspRender.render(JspRender.java:69)
	at com.jfinal.core.ActionHandler.handle(ActionHandler.java:93)
	at com.jfinal.core.JFinalFilter.doFilter(JFinalFilter.java:72)
	at org.eclipse.jetty.servlet.ServletHandler$CachedChain.doFilter(ServletHandler.java:1307)
	at org.eclipse.jetty.servlet.ServletHandler.doHandle(ServletHandler.java:453)
	at org.eclipse.jetty.server.handler.ScopedHandler.handle(ScopedHandler.java:137)
	at org.eclipse.jetty.security.SecurityHandler.handle(SecurityHandler.java:560)
	at org.eclipse.jetty.server.session.SessionHandler.doHandle(SessionHandler.java:231)
	at org.eclipse.jetty.server.handler.ContextHandler.doHandle(ContextHandler.java:1072)
	at org.eclipse.jetty.servlet.ServletHandler.doScope(ServletHandler.java:382)
	at org.eclipse.jetty.server.session.SessionHandler.doScope(SessionHandler.java:193)
	at org.eclipse.jetty.server.handler.ContextHandler.doScope(ContextHandler.java:1006)
	at org.eclipse.jetty.server.handler.ScopedHandler.handle(ScopedHandler.java:135)
	at org.eclipse.jetty.server.handler.HandlerWrapper.handle(HandlerWrapper.java:116)
	at org.eclipse.jetty.server.Server.handle(Server.java:365)
	at org.eclipse.jetty.server.AbstractHttpConnection.handleRequest(AbstractHttpConnection.java:485)
	at org.eclipse.jetty.server.AbstractHttpConnection.headerComplete(AbstractHttpConnection.java:926)
	at org.eclipse.jetty.server.AbstractHttpConnection$RequestHandler.headerComplete(AbstractHttpConnection.java:988)
	at org.eclipse.jetty.http.HttpParser.parseNext(HttpParser.java:635)
	at org.eclipse.jetty.http.HttpParser.parseAvailable(HttpParser.java:235)
	at org.eclipse.jetty.server.AsyncHttpConnection.handle(AsyncHttpConnection.java:82)
	at org.eclipse.jetty.io.nio.SelectChannelEndPoint.handle(SelectChannelEndPoint.java:628)
	at org.eclipse.jetty.io.nio.SelectChannelEndPoint$1.run(SelectChannelEndPoint.java:52)
	at org.eclipse.jetty.util.thread.QueuedThreadPool.runJob(QueuedThreadPool.java:608)
	at org.eclipse.jetty.util.thread.QueuedThreadPool$3.run(QueuedThreadPool.java:543)
	at java.lang.Thread.run(Thread.java:745)
Caused by: org.apache.jasper.JasperException: /list.jsp(3,61) PWC6188: The absolute uri: http://java.sun.com/jsp/jstl/core cannot be resolved in either web.xml or the jar files deployed with this application
	at org.apache.jasper.compiler.DefaultErrorHandler.jspError(DefaultErrorHandler.java:92)
	at org.apache.jasper.compiler.ErrorDispatcher.dispatch(ErrorDispatcher.java:378)
	at org.apache.jasper.compiler.ErrorDispatcher.jspError(ErrorDispatcher.java:172)
	at org.apache.jasper.compiler.TagLibraryInfoImpl.generateTLDLocation(TagLibraryInfoImpl.java:431)
	at org.apache.jasper.compiler.TagLibraryInfoImpl.<init>(TagLibraryInfoImpl.java:240)
	at org.apache.jasper.compiler.Parser.parseTaglibDirective(Parser.java:502)
	at org.apache.jasper.compiler.Parser.parseDirective(Parser.java:582)
	at org.apache.jasper.compiler.Parser.parseElements(Parser.java:1652)
	at org.apache.jasper.compiler.Parser.parse(Parser.java:185)
	at org.apache.jasper.compiler.ParserController.doParse(ParserController.java:244)
	at org.apache.jasper.compiler.ParserController.parse(ParserController.java:145)
	at org.apache.jasper.compiler.Compiler.generateJava(Compiler.java:212)
	at org.apache.jasper.compiler.Compiler.compile(Compiler.java:451)
	at org.apache.jasper.JspCompilationContext.compile(JspCompilationContext.java:625)
	at org.apache.jasper.servlet.JspServletWrapper.service(JspServletWrapper.java:374)
	at org.apache.jasper.servlet.JspServlet.serviceJspFile(JspServlet.java:492)
	at org.apache.jasper.servlet.JspServlet.service(JspServlet.java:378)
	at javax.servlet.http.HttpServlet.service(HttpServlet.java:848)
	at org.eclipse.jetty.servlet.ServletHolder.handle(ServletHolder.java:669)
	at org.eclipse.jetty.servlet.ServletHandler.doHandle(ServletHandler.java:455)
	at org.eclipse.jetty.server.handler.ScopedHandler.handle(ScopedHandler.java:137)
	at org.eclipse.jetty.security.SecurityHandler.handle(SecurityHandler.java:578)
	at org.eclipse.jetty.server.session.SessionHandler.doHandle(SessionHandler.java:231)
	at org.eclipse.jetty.server.handler.ContextHandler.doHandle(ContextHandler.java:1072)
	at org.eclipse.jetty.servlet.ServletHandler.doScope(ServletHandler.java:382)
	at org.eclipse.jetty.server.session.SessionHandler.doScope(SessionHandler.java:193)
	at org.eclipse.jetty.server.handler.ContextHandler.doScope(ContextHandler.java:1006)
	at org.eclipse.jetty.server.handler.ScopedHandler.handle(ScopedHandler.java:135)
	at org.eclipse.jetty.server.Dispatcher.forward(Dispatcher.java:276)
	at org.eclipse.jetty.server.Dispatcher.forward(Dispatcher.java:103)
	at com.jfinal.render.JspRender.render(JspRender.java:67)
	... 25 more

2018-03-08 16:00:04
[ERROR]-[Thread: qtp1138308252-25]-[com.jfinal.core.ActionHandler.handle()]: /cuser
java.lang.NoClassDefFoundError: javax/servlet/jsp/jstl/core/LoopTag
	at java.lang.ClassLoader.defineClass1(Native Method)
	at java.lang.ClassLoader.defineClass(ClassLoader.java:800)
	at java.security.SecureClassLoader.defineClass(SecureClassLoader.java:142)
	at java.net.URLClassLoader.defineClass(URLClassLoader.java:449)
	at java.net.URLClassLoader.access$100(URLClassLoader.java:71)
	at java.net.URLClassLoader$1.run(URLClassLoader.java:361)
	at java.net.URLClassLoader$1.run(URLClassLoader.java:355)
	at java.security.AccessController.doPrivileged(Native Method)
	at java.net.URLClassLoader.findClass(URLClassLoader.java:354)
	at org.eclipse.jetty.webapp.WebAppClassLoader.loadClass(WebAppClassLoader.java:421)
	at org.eclipse.jetty.webapp.WebAppClassLoader.loadClass(WebAppClassLoader.java:383)
	at org.apache.jasper.compiler.Parser.parseCustomTag(Parser.java:1421)
	at org.apache.jasper.compiler.Parser.parseElements(Parser.java:1675)
	at org.apache.jasper.compiler.Parser.parse(Parser.java:185)
	at org.apache.jasper.compiler.ParserController.doParse(ParserController.java:244)
	at org.apache.jasper.compiler.ParserController.parse(ParserController.java:145)
	at org.apache.jasper.compiler.Compiler.generateJava(Compiler.java:212)
	at org.apache.jasper.compiler.Compiler.compile(Compiler.java:451)
	at org.apache.jasper.JspCompilationContext.compile(JspCompilationContext.java:625)
	at org.apache.jasper.servlet.JspServletWrapper.service(JspServletWrapper.java:374)
	at org.apache.jasper.servlet.JspServlet.serviceJspFile(JspServlet.java:492)
	at org.apache.jasper.servlet.JspServlet.service(JspServlet.java:378)
	at javax.servlet.http.HttpServlet.service(HttpServlet.java:848)
	at org.eclipse.jetty.servlet.ServletHolder.handle(ServletHolder.java:669)
	at org.eclipse.jetty.servlet.ServletHandler.doHandle(ServletHandler.java:455)
	at org.eclipse.jetty.server.handler.ScopedHandler.handle(ScopedHandler.java:137)
	at org.eclipse.jetty.security.SecurityHandler.handle(SecurityHandler.java:578)
	at org.eclipse.jetty.server.session.SessionHandler.doHandle(SessionHandler.java:231)
	at org.eclipse.jetty.server.handler.ContextHandler.doHandle(ContextHandler.java:1072)
	at org.eclipse.jetty.servlet.ServletHandler.doScope(ServletHandler.java:382)
	at org.eclipse.jetty.server.session.SessionHandler.doScope(SessionHandler.java:193)
	at org.eclipse.jetty.server.handler.ContextHandler.doScope(ContextHandler.java:1006)
	at org.eclipse.jetty.server.handler.ScopedHandler.handle(ScopedHandler.java:135)
	at org.eclipse.jetty.server.Dispatcher.forward(Dispatcher.java:276)
	at org.eclipse.jetty.server.Dispatcher.forward(Dispatcher.java:103)
	at com.jfinal.render.JspRender.render(JspRender.java:67)
	at com.jfinal.core.ActionHandler.handle(ActionHandler.java:93)
	at com.jfinal.core.JFinalFilter.doFilter(JFinalFilter.java:72)
	at org.eclipse.jetty.servlet.ServletHandler$CachedChain.doFilter(ServletHandler.java:1307)
	at org.eclipse.jetty.servlet.ServletHandler.doHandle(ServletHandler.java:453)
	at org.eclipse.jetty.server.handler.ScopedHandler.handle(ScopedHandler.java:137)
	at org.eclipse.jetty.security.SecurityHandler.handle(SecurityHandler.java:560)
	at org.eclipse.jetty.server.session.SessionHandler.doHandle(SessionHandler.java:231)
	at org.eclipse.jetty.server.handler.ContextHandler.doHandle(ContextHandler.java:1072)
	at org.eclipse.jetty.servlet.ServletHandler.doScope(ServletHandler.java:382)
	at org.eclipse.jetty.server.session.SessionHandler.doScope(SessionHandler.java:193)
	at org.eclipse.jetty.server.handler.ContextHandler.doScope(ContextHandler.java:1006)
	at org.eclipse.jetty.server.handler.ScopedHandler.handle(ScopedHandler.java:135)
	at org.eclipse.jetty.server.handler.HandlerWrapper.handle(HandlerWrapper.java:116)
	at org.eclipse.jetty.server.Server.handle(Server.java:365)
	at org.eclipse.jetty.server.AbstractHttpConnection.handleRequest(AbstractHttpConnection.java:485)
	at org.eclipse.jetty.server.AbstractHttpConnection.headerComplete(AbstractHttpConnection.java:926)
	at org.eclipse.jetty.server.AbstractHttpConnection$RequestHandler.headerComplete(AbstractHttpConnection.java:988)
	at org.eclipse.jetty.http.HttpParser.parseNext(HttpParser.java:635)
	at org.eclipse.jetty.http.HttpParser.parseAvailable(HttpParser.java:235)
	at org.eclipse.jetty.server.AsyncHttpConnection.handle(AsyncHttpConnection.java:82)
	at org.eclipse.jetty.io.nio.SelectChannelEndPoint.handle(SelectChannelEndPoint.java:628)
	at org.eclipse.jetty.io.nio.SelectChannelEndPoint$1.run(SelectChannelEndPoint.java:52)
	at org.eclipse.jetty.util.thread.QueuedThreadPool.runJob(QueuedThreadPool.java:608)
	at org.eclipse.jetty.util.thread.QueuedThreadPool$3.run(QueuedThreadPool.java:543)
	at java.lang.Thread.run(Thread.java:745)
Caused by: java.lang.ClassNotFoundException: javax.servlet.jsp.jstl.core.LoopTag
	at java.net.URLClassLoader$1.run(URLClassLoader.java:366)
	at java.net.URLClassLoader$1.run(URLClassLoader.java:355)
	at java.security.AccessController.doPrivileged(Native Method)
	at java.net.URLClassLoader.findClass(URLClassLoader.java:354)
	at org.eclipse.jetty.webapp.WebAppClassLoader.loadClass(WebAppClassLoader.java:421)
	at org.eclipse.jetty.webapp.WebAppClassLoader.loadClass(WebAppClassLoader.java:383)
	... 61 more

2018-03-08 16:02:08
[ERROR]-[Thread: qtp1138308252-25]-[com.jfinal.core.ActionHandler.handle()]: /cuser
com.jfinal.render.RenderException: org.apache.jasper.JasperException: /list.jsp(93,4) PWC6032: Unable to load tag handler class "org.apache.taglibs.standard.tag.rt.core.ForEachTag" for tag "c:forEach"
	at com.jfinal.render.JspRender.render(JspRender.java:69)
	at com.jfinal.core.ActionHandler.handle(ActionHandler.java:93)
	at com.jfinal.core.JFinalFilter.doFilter(JFinalFilter.java:72)
	at org.eclipse.jetty.servlet.ServletHandler$CachedChain.doFilter(ServletHandler.java:1307)
	at org.eclipse.jetty.servlet.ServletHandler.doHandle(ServletHandler.java:453)
	at org.eclipse.jetty.server.handler.ScopedHandler.handle(ScopedHandler.java:137)
	at org.eclipse.jetty.security.SecurityHandler.handle(SecurityHandler.java:560)
	at org.eclipse.jetty.server.session.SessionHandler.doHandle(SessionHandler.java:231)
	at org.eclipse.jetty.server.handler.ContextHandler.doHandle(ContextHandler.java:1072)
	at org.eclipse.jetty.servlet.ServletHandler.doScope(ServletHandler.java:382)
	at org.eclipse.jetty.server.session.SessionHandler.doScope(SessionHandler.java:193)
	at org.eclipse.jetty.server.handler.ContextHandler.doScope(ContextHandler.java:1006)
	at org.eclipse.jetty.server.handler.ScopedHandler.handle(ScopedHandler.java:135)
	at org.eclipse.jetty.server.handler.HandlerWrapper.handle(HandlerWrapper.java:116)
	at org.eclipse.jetty.server.Server.handle(Server.java:365)
	at org.eclipse.jetty.server.AbstractHttpConnection.handleRequest(AbstractHttpConnection.java:485)
	at org.eclipse.jetty.server.AbstractHttpConnection.headerComplete(AbstractHttpConnection.java:926)
	at org.eclipse.jetty.server.AbstractHttpConnection$RequestHandler.headerComplete(AbstractHttpConnection.java:988)
	at org.eclipse.jetty.http.HttpParser.parseNext(HttpParser.java:635)
	at org.eclipse.jetty.http.HttpParser.parseAvailable(HttpParser.java:235)
	at org.eclipse.jetty.server.AsyncHttpConnection.handle(AsyncHttpConnection.java:82)
	at org.eclipse.jetty.io.nio.SelectChannelEndPoint.handle(SelectChannelEndPoint.java:628)
	at org.eclipse.jetty.io.nio.SelectChannelEndPoint$1.run(SelectChannelEndPoint.java:52)
	at org.eclipse.jetty.util.thread.QueuedThreadPool.runJob(QueuedThreadPool.java:608)
	at org.eclipse.jetty.util.thread.QueuedThreadPool$3.run(QueuedThreadPool.java:543)
	at java.lang.Thread.run(Thread.java:745)
Caused by: org.apache.jasper.JasperException: /list.jsp(93,4) PWC6032: Unable to load tag handler class "org.apache.taglibs.standard.tag.rt.core.ForEachTag" for tag "c:forEach"
	at org.apache.jasper.compiler.DefaultErrorHandler.jspError(DefaultErrorHandler.java:81)
	at org.apache.jasper.compiler.ErrorDispatcher.dispatch(ErrorDispatcher.java:376)
	at org.apache.jasper.compiler.ErrorDispatcher.jspError(ErrorDispatcher.java:188)
	at org.apache.jasper.compiler.Parser.parseCustomTag(Parser.java:1423)
	at org.apache.jasper.compiler.Parser.parseElements(Parser.java:1675)
	at org.apache.jasper.compiler.Parser.parse(Parser.java:185)
	at org.apache.jasper.compiler.ParserController.doParse(ParserController.java:244)
	at org.apache.jasper.compiler.ParserController.parse(ParserController.java:145)
	at org.apache.jasper.compiler.Compiler.generateJava(Compiler.java:212)
	at org.apache.jasper.compiler.Compiler.compile(Compiler.java:451)
	at org.apache.jasper.JspCompilationContext.compile(JspCompilationContext.java:625)
	at org.apache.jasper.servlet.JspServletWrapper.service(JspServletWrapper.java:374)
	at org.apache.jasper.servlet.JspServlet.serviceJspFile(JspServlet.java:492)
	at org.apache.jasper.servlet.JspServlet.service(JspServlet.java:378)
	at javax.servlet.http.HttpServlet.service(HttpServlet.java:848)
	at org.eclipse.jetty.servlet.ServletHolder.handle(ServletHolder.java:669)
	at org.eclipse.jetty.servlet.ServletHandler.doHandle(ServletHandler.java:455)
	at org.eclipse.jetty.server.handler.ScopedHandler.handle(ScopedHandler.java:137)
	at org.eclipse.jetty.security.SecurityHandler.handle(SecurityHandler.java:578)
	at org.eclipse.jetty.server.session.SessionHandler.doHandle(SessionHandler.java:231)
	at org.eclipse.jetty.server.handler.ContextHandler.doHandle(ContextHandler.java:1072)
	at org.eclipse.jetty.servlet.ServletHandler.doScope(ServletHandler.java:382)
	at org.eclipse.jetty.server.session.SessionHandler.doScope(SessionHandler.java:193)
	at org.eclipse.jetty.server.handler.ContextHandler.doScope(ContextHandler.java:1006)
	at org.eclipse.jetty.server.handler.ScopedHandler.handle(ScopedHandler.java:135)
	at org.eclipse.jetty.server.Dispatcher.forward(Dispatcher.java:276)
	at org.eclipse.jetty.server.Dispatcher.forward(Dispatcher.java:103)
	at com.jfinal.render.JspRender.render(JspRender.java:67)
	... 25 more

2018-03-08 16:02:09
[ERROR]-[Thread: qtp1138308252-24]-[com.jfinal.core.ActionHandler.handle()]: /cuser
com.jfinal.render.RenderException: org.apache.jasper.JasperException: /list.jsp(93,4) PWC6032: Unable to load tag handler class "org.apache.taglibs.standard.tag.rt.core.ForEachTag" for tag "c:forEach"
	at com.jfinal.render.JspRender.render(JspRender.java:69)
	at com.jfinal.core.ActionHandler.handle(ActionHandler.java:93)
	at com.jfinal.core.JFinalFilter.doFilter(JFinalFilter.java:72)
	at org.eclipse.jetty.servlet.ServletHandler$CachedChain.doFilter(ServletHandler.java:1307)
	at org.eclipse.jetty.servlet.ServletHandler.doHandle(ServletHandler.java:453)
	at org.eclipse.jetty.server.handler.ScopedHandler.handle(ScopedHandler.java:137)
	at org.eclipse.jetty.security.SecurityHandler.handle(SecurityHandler.java:560)
	at org.eclipse.jetty.server.session.SessionHandler.doHandle(SessionHandler.java:231)
	at org.eclipse.jetty.server.handler.ContextHandler.doHandle(ContextHandler.java:1072)
	at org.eclipse.jetty.servlet.ServletHandler.doScope(ServletHandler.java:382)
	at org.eclipse.jetty.server.session.SessionHandler.doScope(SessionHandler.java:193)
	at org.eclipse.jetty.server.handler.ContextHandler.doScope(ContextHandler.java:1006)
	at org.eclipse.jetty.server.handler.ScopedHandler.handle(ScopedHandler.java:135)
	at org.eclipse.jetty.server.handler.HandlerWrapper.handle(HandlerWrapper.java:116)
	at org.eclipse.jetty.server.Server.handle(Server.java:365)
	at org.eclipse.jetty.server.AbstractHttpConnection.handleRequest(AbstractHttpConnection.java:485)
	at org.eclipse.jetty.server.AbstractHttpConnection.headerComplete(AbstractHttpConnection.java:926)
	at org.eclipse.jetty.server.AbstractHttpConnection$RequestHandler.headerComplete(AbstractHttpConnection.java:988)
	at org.eclipse.jetty.http.HttpParser.parseNext(HttpParser.java:635)
	at org.eclipse.jetty.http.HttpParser.parseAvailable(HttpParser.java:235)
	at org.eclipse.jetty.server.AsyncHttpConnection.handle(AsyncHttpConnection.java:82)
	at org.eclipse.jetty.io.nio.SelectChannelEndPoint.handle(SelectChannelEndPoint.java:628)
	at org.eclipse.jetty.io.nio.SelectChannelEndPoint$1.run(SelectChannelEndPoint.java:52)
	at org.eclipse.jetty.util.thread.QueuedThreadPool.runJob(QueuedThreadPool.java:608)
	at org.eclipse.jetty.util.thread.QueuedThreadPool$3.run(QueuedThreadPool.java:543)
	at java.lang.Thread.run(Thread.java:745)
Caused by: org.apache.jasper.JasperException: /list.jsp(93,4) PWC6032: Unable to load tag handler class "org.apache.taglibs.standard.tag.rt.core.ForEachTag" for tag "c:forEach"
	at org.apache.jasper.compiler.DefaultErrorHandler.jspError(DefaultErrorHandler.java:81)
	at org.apache.jasper.compiler.ErrorDispatcher.dispatch(ErrorDispatcher.java:376)
	at org.apache.jasper.compiler.ErrorDispatcher.jspError(ErrorDispatcher.java:188)
	at org.apache.jasper.compiler.Parser.parseCustomTag(Parser.java:1423)
	at org.apache.jasper.compiler.Parser.parseElements(Parser.java:1675)
	at org.apache.jasper.compiler.Parser.parse(Parser.java:185)
	at org.apache.jasper.compiler.ParserController.doParse(ParserController.java:244)
	at org.apache.jasper.compiler.ParserController.parse(ParserController.java:145)
	at org.apache.jasper.compiler.Compiler.generateJava(Compiler.java:212)
	at org.apache.jasper.compiler.Compiler.compile(Compiler.java:451)
	at org.apache.jasper.JspCompilationContext.compile(JspCompilationContext.java:625)
	at org.apache.jasper.servlet.JspServletWrapper.service(JspServletWrapper.java:374)
	at org.apache.jasper.servlet.JspServlet.serviceJspFile(JspServlet.java:492)
	at org.apache.jasper.servlet.JspServlet.service(JspServlet.java:378)
	at javax.servlet.http.HttpServlet.service(HttpServlet.java:848)
	at org.eclipse.jetty.servlet.ServletHolder.handle(ServletHolder.java:669)
	at org.eclipse.jetty.servlet.ServletHandler.doHandle(ServletHandler.java:455)
	at org.eclipse.jetty.server.handler.ScopedHandler.handle(ScopedHandler.java:137)
	at org.eclipse.jetty.security.SecurityHandler.handle(SecurityHandler.java:578)
	at org.eclipse.jetty.server.session.SessionHandler.doHandle(SessionHandler.java:231)
	at org.eclipse.jetty.server.handler.ContextHandler.doHandle(ContextHandler.java:1072)
	at org.eclipse.jetty.servlet.ServletHandler.doScope(ServletHandler.java:382)
	at org.eclipse.jetty.server.session.SessionHandler.doScope(SessionHandler.java:193)
	at org.eclipse.jetty.server.handler.ContextHandler.doScope(ContextHandler.java:1006)
	at org.eclipse.jetty.server.handler.ScopedHandler.handle(ScopedHandler.java:135)
	at org.eclipse.jetty.server.Dispatcher.forward(Dispatcher.java:276)
	at org.eclipse.jetty.server.Dispatcher.forward(Dispatcher.java:103)
	at com.jfinal.render.JspRender.render(JspRender.java:67)
	... 25 more

2018-03-08 16:21:32
[ERROR]-[Thread: qtp1723352938-25]-[com.jfinal.core.ActionHandler.handle()]: /cuser
java.lang.NoClassDefFoundError: javax/servlet/jsp/jstl/core/LoopTag
	at java.lang.ClassLoader.defineClass1(Native Method)
	at java.lang.ClassLoader.defineClass(ClassLoader.java:800)
	at java.security.SecureClassLoader.defineClass(SecureClassLoader.java:142)
	at java.net.URLClassLoader.defineClass(URLClassLoader.java:449)
	at java.net.URLClassLoader.access$100(URLClassLoader.java:71)
	at java.net.URLClassLoader$1.run(URLClassLoader.java:361)
	at java.net.URLClassLoader$1.run(URLClassLoader.java:355)
	at java.security.AccessController.doPrivileged(Native Method)
	at java.net.URLClassLoader.findClass(URLClassLoader.java:354)
	at org.eclipse.jetty.webapp.WebAppClassLoader.loadClass(WebAppClassLoader.java:421)
	at org.eclipse.jetty.webapp.WebAppClassLoader.loadClass(WebAppClassLoader.java:383)
	at org.apache.jasper.compiler.Parser.parseCustomTag(Parser.java:1421)
	at org.apache.jasper.compiler.Parser.parseElements(Parser.java:1675)
	at org.apache.jasper.compiler.Parser.parse(Parser.java:185)
	at org.apache.jasper.compiler.ParserController.doParse(ParserController.java:244)
	at org.apache.jasper.compiler.ParserController.parse(ParserController.java:145)
	at org.apache.jasper.compiler.Compiler.generateJava(Compiler.java:212)
	at org.apache.jasper.compiler.Compiler.compile(Compiler.java:451)
	at org.apache.jasper.JspCompilationContext.compile(JspCompilationContext.java:625)
	at org.apache.jasper.servlet.JspServletWrapper.service(JspServletWrapper.java:374)
	at org.apache.jasper.servlet.JspServlet.serviceJspFile(JspServlet.java:492)
	at org.apache.jasper.servlet.JspServlet.service(JspServlet.java:378)
	at javax.servlet.http.HttpServlet.service(HttpServlet.java:848)
	at org.eclipse.jetty.servlet.ServletHolder.handle(ServletHolder.java:669)
	at org.eclipse.jetty.servlet.ServletHandler.doHandle(ServletHandler.java:455)
	at org.eclipse.jetty.server.handler.ScopedHandler.handle(ScopedHandler.java:137)
	at org.eclipse.jetty.security.SecurityHandler.handle(SecurityHandler.java:578)
	at org.eclipse.jetty.server.session.SessionHandler.doHandle(SessionHandler.java:231)
	at org.eclipse.jetty.server.handler.ContextHandler.doHandle(ContextHandler.java:1072)
	at org.eclipse.jetty.servlet.ServletHandler.doScope(ServletHandler.java:382)
	at org.eclipse.jetty.server.session.SessionHandler.doScope(SessionHandler.java:193)
	at org.eclipse.jetty.server.handler.ContextHandler.doScope(ContextHandler.java:1006)
	at org.eclipse.jetty.server.handler.ScopedHandler.handle(ScopedHandler.java:135)
	at org.eclipse.jetty.server.Dispatcher.forward(Dispatcher.java:276)
	at org.eclipse.jetty.server.Dispatcher.forward(Dispatcher.java:103)
	at com.jfinal.render.JspRender.render(JspRender.java:67)
	at com.jfinal.core.ActionHandler.handle(ActionHandler.java:93)
	at com.jfinal.core.JFinalFilter.doFilter(JFinalFilter.java:72)
	at org.eclipse.jetty.servlet.ServletHandler$CachedChain.doFilter(ServletHandler.java:1307)
	at org.eclipse.jetty.servlet.ServletHandler.doHandle(ServletHandler.java:453)
	at org.eclipse.jetty.server.handler.ScopedHandler.handle(ScopedHandler.java:137)
	at org.eclipse.jetty.security.SecurityHandler.handle(SecurityHandler.java:560)
	at org.eclipse.jetty.server.session.SessionHandler.doHandle(SessionHandler.java:231)
	at org.eclipse.jetty.server.handler.ContextHandler.doHandle(ContextHandler.java:1072)
	at org.eclipse.jetty.servlet.ServletHandler.doScope(ServletHandler.java:382)
	at org.eclipse.jetty.server.session.SessionHandler.doScope(SessionHandler.java:193)
	at org.eclipse.jetty.server.handler.ContextHandler.doScope(ContextHandler.java:1006)
	at org.eclipse.jetty.server.handler.ScopedHandler.handle(ScopedHandler.java:135)
	at org.eclipse.jetty.server.handler.HandlerWrapper.handle(HandlerWrapper.java:116)
	at org.eclipse.jetty.server.Server.handle(Server.java:365)
	at org.eclipse.jetty.server.AbstractHttpConnection.handleRequest(AbstractHttpConnection.java:485)
	at org.eclipse.jetty.server.AbstractHttpConnection.headerComplete(AbstractHttpConnection.java:926)
	at org.eclipse.jetty.server.AbstractHttpConnection$RequestHandler.headerComplete(AbstractHttpConnection.java:988)
	at org.eclipse.jetty.http.HttpParser.parseNext(HttpParser.java:635)
	at org.eclipse.jetty.http.HttpParser.parseAvailable(HttpParser.java:235)
	at org.eclipse.jetty.server.AsyncHttpConnection.handle(AsyncHttpConnection.java:82)
	at org.eclipse.jetty.io.nio.SelectChannelEndPoint.handle(SelectChannelEndPoint.java:628)
	at org.eclipse.jetty.io.nio.SelectChannelEndPoint$1.run(SelectChannelEndPoint.java:52)
	at org.eclipse.jetty.util.thread.QueuedThreadPool.runJob(QueuedThreadPool.java:608)
	at org.eclipse.jetty.util.thread.QueuedThreadPool$3.run(QueuedThreadPool.java:543)
	at java.lang.Thread.run(Thread.java:745)
Caused by: java.lang.ClassNotFoundException: javax.servlet.jsp.jstl.core.LoopTag
	at java.net.URLClassLoader$1.run(URLClassLoader.java:366)
	at java.net.URLClassLoader$1.run(URLClassLoader.java:355)
	at java.security.AccessController.doPrivileged(Native Method)
	at java.net.URLClassLoader.findClass(URLClassLoader.java:354)
	at org.eclipse.jetty.webapp.WebAppClassLoader.loadClass(WebAppClassLoader.java:421)
	at org.eclipse.jetty.webapp.WebAppClassLoader.loadClass(WebAppClassLoader.java:383)
	... 61 more
